<?xml version="1.0" encoding="UTF-8"?>
<!-- Generated by org.testng.reporters.JUnitReportReporter -->
<testsuite hostname="ADMINIB-8SUJ11O" name="com.tech.plugandplay.api.GetBusiness" tests="1" failures="0" timestamp="16 Nov 2016 04:25:22 GMT" time="4.363" errors="0">
  <testcase name="getCompany" time="4.363" classname="com.tech.plugandplay.api.GetBusiness"/>
</testsuite> <!-- com.tech.plugandplay.api.GetBusiness -->
