<?xml version="1.0" encoding="UTF-8"?>
<!-- Generated by org.testng.reporters.JUnitReportReporter -->
<testsuite hostname="ADMINIB-8SUJ11O" name="com.tech.plugandplay.api.GetCompany" tests="1" failures="0" timestamp="28 Oct 2016 03:41:32 GMT" time="1.349" errors="0">
  <testcase name="getCompany" time="1.349" classname="com.tech.plugandplay.api.GetCompany"/>
</testsuite> <!-- com.tech.plugandplay.api.GetCompany -->
