<?xml version="1.0" encoding="UTF-8"?>
<!-- Generated by org.testng.reporters.JUnitReportReporter -->
<testsuite hostname="ADMINIB-8SUJ11O" name="com.tech.plugandplay.api.GetAllBusinesses" tests="1" failures="0" timestamp="11 Nov 2016 05:03:26 GMT" time="2.164" errors="0">
  <testcase name="getActiveClusters" time="2.164" classname="com.tech.plugandplay.api.GetAllBusinesses"/>
</testsuite> <!-- com.tech.plugandplay.api.GetAllBusinesses -->
