<?xml version="1.0" encoding="UTF-8"?>
<!-- Generated by org.testng.reporters.JUnitReportReporter -->
<testsuite hostname="ADMINIB-8SUJ11O" name="com.tech.plugandplay.api.GetAllCompanies" tests="1" failures="0" timestamp="25 Oct 2016 05:21:43 GMT" time="1.551" errors="0">
  <testcase name="getActiveClusters" time="1.551" classname="com.tech.plugandplay.api.GetAllCompanies"/>
</testsuite> <!-- com.tech.plugandplay.api.GetAllCompanies -->
